
*** Running vivado
    with args -log top.vds -m64 -product Vivado -mode batch -messageDb vivado.pb -notrace -source top.tcl


ECHO est† desativado.
ECHO est† desativado.

****** Vivado v2023.2 (64-bit)
  **** SW Build 4029153 on Fri Oct 13 20:14:34 MDT 2023
  **** IP Build 4028589 on Sat Oct 14 00:45:43 MDT 2023
  **** SharedData Build 4025554 on Tue Oct 10 17:18:54 MDT 2023
    ** Copyright 1986-2022 Xilinx, Inc. All Rights Reserved.
    ** Copyright 2022-2023 Advanced Micro Devices, Inc. All Rights Reserved.

source top.tcl -notrace
Command: read_checkpoint -auto_incremental -incremental D:/Projetos/Verilog/Basys3/ALU/ALU.srcs/utils_1/imports/synth_1/alu.dcp
INFO: [Vivado 12-5825] Read reference checkpoint from D:/Projetos/Verilog/Basys3/ALU/ALU.srcs/utils_1/imports/synth_1/alu.dcp for incremental synthesis
INFO: [Vivado 12-7989] Please ensure there are no constraint changes
Command: synth_design -top top -part xc7a35tcpg236-1
Starting synth_design
Attempting to get a license for feature 'Synthesis' and/or device 'xc7a35t'
INFO: [Common 17-349] Got license for feature 'Synthesis' and/or device 'xc7a35t'
INFO: [Device 21-403] Loading part xc7a35tcpg236-1
INFO: [Designutils 20-5440] No compile time benefit to using incremental synthesis; A full resynthesis will be run
INFO: [Designutils 20-4379] Flow is switching to default flow due to incremental criteria not met. If you would like to alter this behaviour and have the flow terminate instead, please set the following parameter config_implementation {autoIncr.Synth.RejectBehavior Terminate}
INFO: [Synth 8-7079] Multithreading enabled for synth_design using a maximum of 2 processes.
INFO: [Synth 8-7078] Launching helper process for spawning children vivado processes
INFO: [Synth 8-7075] Helper process launched with PID 1408
---------------------------------------------------------------------------------
Starting RTL Elaboration : Time (s): cpu = 00:00:02 ; elapsed = 00:00:04 . Memory (MB): peak = 1321.434 ; gain = 445.629
---------------------------------------------------------------------------------
INFO: [Synth 8-6157] synthesizing module 'top' [D:/Projetos/Verilog/Basys3/ALU/ALU.srcs/sources_1/new/top.v:21]
INFO: [Synth 8-6157] synthesizing module 'alu' [D:/Projetos/Verilog/Basys3/ALU/ALU.srcs/sources_1/new/alu.v:23]
INFO: [Synth 8-6155] done synthesizing module 'alu' (0#1) [D:/Projetos/Verilog/Basys3/ALU/ALU.srcs/sources_1/new/alu.v:23]
INFO: [Synth 8-6157] synthesizing module 'clkdivider' [D:/Projetos/Verilog/Basys3/ALU/ALU.srcs/sources_1/new/clkdivider.v:20]
INFO: [Synth 8-6155] done synthesizing module 'clkdivider' (0#1) [D:/Projetos/Verilog/Basys3/ALU/ALU.srcs/sources_1/new/clkdivider.v:20]
INFO: [Synth 8-6157] synthesizing module 'bin2BCD' [D:/Projetos/Verilog/Basys3/ALU/ALU.srcs/sources_1/new/bin2BCD.v:20]
INFO: [Synth 8-6155] done synthesizing module 'bin2BCD' (0#1) [D:/Projetos/Verilog/Basys3/ALU/ALU.srcs/sources_1/new/bin2BCD.v:20]
INFO: [Synth 8-6157] synthesizing module 'Mux4x1' [D:/Projetos/Verilog/Basys3/ALU/ALU.srcs/sources_1/new/Mux4x1.v:20]
INFO: [Synth 8-6155] done synthesizing module 'Mux4x1' (0#1) [D:/Projetos/Verilog/Basys3/ALU/ALU.srcs/sources_1/new/Mux4x1.v:20]
INFO: [Synth 8-6157] synthesizing module 'BCD2Hex' [D:/Projetos/Verilog/Basys3/ALU/ALU.srcs/sources_1/new/BCD2Hex.v:20]
INFO: [Synth 8-6155] done synthesizing module 'BCD2Hex' (0#1) [D:/Projetos/Verilog/Basys3/ALU/ALU.srcs/sources_1/new/BCD2Hex.v:20]
INFO: [Synth 8-6157] synthesizing module 'StateMachine' [D:/Projetos/Verilog/Basys3/ALU/ALU.srcs/sources_1/new/StateMachine.v:20]
INFO: [Synth 8-6155] done synthesizing module 'StateMachine' (0#1) [D:/Projetos/Verilog/Basys3/ALU/ALU.srcs/sources_1/new/StateMachine.v:20]
INFO: [Synth 8-6157] synthesizing module 'CombSel' [D:/Projetos/Verilog/Basys3/ALU/ALU.srcs/sources_1/new/CombSel.v:20]
INFO: [Synth 8-6155] done synthesizing module 'CombSel' (0#1) [D:/Projetos/Verilog/Basys3/ALU/ALU.srcs/sources_1/new/CombSel.v:20]
INFO: [Synth 8-6155] done synthesizing module 'top' (0#1) [D:/Projetos/Verilog/Basys3/ALU/ALU.srcs/sources_1/new/top.v:21]
WARNING: [Synth 8-3917] design top has port dp driven by constant 1
WARNING: [Synth 8-7129] Port dsel[3] in module CombSel is either unconnected or has no load
---------------------------------------------------------------------------------
Finished RTL Elaboration : Time (s): cpu = 00:00:02 ; elapsed = 00:00:05 . Memory (MB): peak = 1429.336 ; gain = 553.531
---------------------------------------------------------------------------------
---------------------------------------------------------------------------------
Start Handling Custom Attributes
---------------------------------------------------------------------------------
---------------------------------------------------------------------------------
Finished Handling Custom Attributes : Time (s): cpu = 00:00:02 ; elapsed = 00:00:05 . Memory (MB): peak = 1429.336 ; gain = 553.531
---------------------------------------------------------------------------------
---------------------------------------------------------------------------------
Finished RTL Optimization Phase 1 : Time (s): cpu = 00:00:02 ; elapsed = 00:00:05 . Memory (MB): peak = 1429.336 ; gain = 553.531
---------------------------------------------------------------------------------
Netlist sorting complete. Time (s): cpu = 00:00:00 ; elapsed = 00:00:00.002 . Memory (MB): peak = 1429.336 ; gain = 0.000
INFO: [Project 1-570] Preparing netlist for logic optimization

Processing XDC Constraints
Initializing timing engine
Parsing XDC File [D:/Projetos/Verilog/Basys3/ALU/ALU.srcs/constrs_1/new/Basys3_Master.xdc]
Finished Parsing XDC File [D:/Projetos/Verilog/Basys3/ALU/ALU.srcs/constrs_1/new/Basys3_Master.xdc]
INFO: [Project 1-236] Implementation specific constraints were found while reading constraint file [D:/Projetos/Verilog/Basys3/ALU/ALU.srcs/constrs_1/new/Basys3_Master.xdc]. These constraints will be ignored for synthesis but will be used in implementation. Impacted constraints are listed in the file [.Xil/top_propImpl.xdc].
Resolution: To avoid this warning, move constraints listed in [.Xil/top_propImpl.xdc] to another XDC file and exclude this new file from synthesis with the used_in_synthesis property (File Properties dialog in GUI) and re-run elaboration/synthesis.
Completed Processing XDC Constraints

Netlist sorting complete. Time (s): cpu = 00:00:00 ; elapsed = 00:00:00 . Memory (MB): peak = 1529.211 ; gain = 0.000
INFO: [Project 1-111] Unisim Transformation Summary:
No Unisim elements were transformed.

O sistema n∆o pode encontrar o caminho especificado.
Constraint Validation Runtime : Time (s): cpu = 00:00:00 ; elapsed = 00:00:00.006 . Memory (MB): peak = 1529.211 ; gain = 0.000
INFO: [Designutils 20-5440] No compile time benefit to using incremental synthesis; A full resynthesis will be run
INFO: [Designutils 20-4379] Flow is switching to default flow due to incremental criteria not met. If you would like to alter this behaviour and have the flow terminate instead, please set the following parameter config_implementation {autoIncr.Synth.RejectBehavior Terminate}
---------------------------------------------------------------------------------
Finished Constraint Validation : Time (s): cpu = 00:00:05 ; elapsed = 00:00:11 . Memory (MB): peak = 1529.211 ; gain = 653.406
---------------------------------------------------------------------------------
---------------------------------------------------------------------------------
Start Loading Part and Timing Information
---------------------------------------------------------------------------------
Loading part: xc7a35tcpg236-1
---------------------------------------------------------------------------------
Finished Loading Part and Timing Information : Time (s): cpu = 00:00:05 ; elapsed = 00:00:11 . Memory (MB): peak = 1529.211 ; gain = 653.406
---------------------------------------------------------------------------------
---------------------------------------------------------------------------------
Start Applying 'set_property' XDC Constraints
---------------------------------------------------------------------------------
---------------------------------------------------------------------------------
Finished applying 'set_property' XDC Constraints : Time (s): cpu = 00:00:05 ; elapsed = 00:00:11 . Memory (MB): peak = 1529.211 ; gain = 653.406
---------------------------------------------------------------------------------
INFO: [Synth 8-802] inferred FSM for state register 'state_reg' in module 'alu'
INFO: [Synth 8-802] inferred FSM for state register 'state_reg' in module 'StateMachine'
---------------------------------------------------------------------------------------------------
                   State |                     New Encoding |                Previous Encoding 
---------------------------------------------------------------------------------------------------
                  inicio |                              000 |                              000
                insert_a |                              001 |                              001
                  save_a |                              010 |                              010
                  sync_a |                              011 |                              011
                insert_b |                              100 |                              100
                  save_b |                              101 |                              101
                  sync_b |                              110 |                              110
             show_result |                              111 |                              111
---------------------------------------------------------------------------------------------------
INFO: [Synth 8-3354] encoded FSM with state register 'state_reg' using encoding 'sequential' in module 'alu'
---------------------------------------------------------------------------------------------------
                   State |                     New Encoding |                Previous Encoding 
---------------------------------------------------------------------------------------------------
                      s0 |                             0001 |                               00
                      s1 |                             0010 |                               01
                      s2 |                             0100 |                               10
                      s3 |                             1000 |                               11
---------------------------------------------------------------------------------------------------
INFO: [Synth 8-3354] encoded FSM with state register 'state_reg' using encoding 'one-hot' in module 'StateMachine'
---------------------------------------------------------------------------------
Finished RTL Optimization Phase 2 : Time (s): cpu = 00:00:05 ; elapsed = 00:00:11 . Memory (MB): peak = 1529.211 ; gain = 653.406
---------------------------------------------------------------------------------
---------------------------------------------------------------------------------
Start RTL Component Statistics 
---------------------------------------------------------------------------------
Detailed RTL Component Info : 
+---Adders : 
	   3 Input    8 Bit       Adders := 1     
	   2 Input    4 Bit       Adders := 7     
+---XORs : 
	   2 Input      8 Bit         XORs := 1     
+---Registers : 
	                8 Bit    Registers := 3     
	                4 Bit    Registers := 2     
+---Muxes : 
	   8 Input    9 Bit        Muxes := 1     
	   8 Input    8 Bit        Muxes := 4     
	   8 Input    4 Bit        Muxes := 1     
	   2 Input    4 Bit        Muxes := 7     
	   4 Input    4 Bit        Muxes := 2     
	   8 Input    3 Bit        Muxes := 1     
	   2 Input    3 Bit        Muxes := 4     
	   8 Input    1 Bit        Muxes := 2     
---------------------------------------------------------------------------------
Finished RTL Component Statistics 
---------------------------------------------------------------------------------
---------------------------------------------------------------------------------
Start Part Resource Summary
---------------------------------------------------------------------------------
Part Resources:
DSPs: 90 (col length:60)
BRAMs: 100 (col length: RAMB18 60 RAMB36 30)
---------------------------------------------------------------------------------
Finished Part Resource Summary
---------------------------------------------------------------------------------
---------------------------------------------------------------------------------
Start Cross Boundary and Area Optimization
---------------------------------------------------------------------------------
WARNING: [Synth 8-7080] Parallel synthesis criteria is not met
WARNING: [Synth 8-3917] design top has port dp driven by constant 1
---------------------------------------------------------------------------------
Finished Cross Boundary and Area Optimization : Time (s): cpu = 00:00:06 ; elapsed = 00:00:13 . Memory (MB): peak = 1529.211 ; gain = 653.406
---------------------------------------------------------------------------------
---------------------------------------------------------------------------------
Start Applying XDC Timing Constraints
---------------------------------------------------------------------------------
---------------------------------------------------------------------------------
Finished Applying XDC Timing Constraints : Time (s): cpu = 00:00:07 ; elapsed = 00:00:17 . Memory (MB): peak = 1529.211 ; gain = 653.406
---------------------------------------------------------------------------------
---------------------------------------------------------------------------------
Start Timing Optimization
---------------------------------------------------------------------------------
---------------------------------------------------------------------------------
Finished Timing Optimization : Time (s): cpu = 00:00:07 ; elapsed = 00:00:17 . Memory (MB): peak = 1529.211 ; gain = 653.406
---------------------------------------------------------------------------------
---------------------------------------------------------------------------------
Start Technology Mapping
---------------------------------------------------------------------------------
---------------------------------------------------------------------------------
Finished Technology Mapping : Time (s): cpu = 00:00:07 ; elapsed = 00:00:17 . Memory (MB): peak = 1529.211 ; gain = 653.406
---------------------------------------------------------------------------------
---------------------------------------------------------------------------------
Start IO Insertion
---------------------------------------------------------------------------------
---------------------------------------------------------------------------------
Start Flattening Before IO Insertion
---------------------------------------------------------------------------------
---------------------------------------------------------------------------------
Finished Flattening Before IO Insertion
---------------------------------------------------------------------------------
---------------------------------------------------------------------------------
Start Final Netlist Cleanup
---------------------------------------------------------------------------------
---------------------------------------------------------------------------------
Finished Final Netlist Cleanup
---------------------------------------------------------------------------------
---------------------------------------------------------------------------------
Finished IO Insertion : Time (s): cpu = 00:00:08 ; elapsed = 00:00:20 . Memory (MB): peak = 1529.211 ; gain = 653.406
---------------------------------------------------------------------------------
---------------------------------------------------------------------------------
Start Renaming Generated Instances
---------------------------------------------------------------------------------
---------------------------------------------------------------------------------
Finished Renaming Generated Instances : Time (s): cpu = 00:00:08 ; elapsed = 00:00:20 . Memory (MB): peak = 1529.211 ; gain = 653.406
---------------------------------------------------------------------------------
---------------------------------------------------------------------------------
Start Rebuilding User Hierarchy
---------------------------------------------------------------------------------
---------------------------------------------------------------------------------
Finished Rebuilding User Hierarchy : Time (s): cpu = 00:00:08 ; elapsed = 00:00:20 . Memory (MB): peak = 1529.211 ; gain = 653.406
---------------------------------------------------------------------------------
---------------------------------------------------------------------------------
Start Renaming Generated Ports
---------------------------------------------------------------------------------
---------------------------------------------------------------------------------
Finished Renaming Generated Ports : Time (s): cpu = 00:00:08 ; elapsed = 00:00:20 . Memory (MB): peak = 1529.211 ; gain = 653.406
---------------------------------------------------------------------------------
---------------------------------------------------------------------------------
Start Handling Custom Attributes
---------------------------------------------------------------------------------
---------------------------------------------------------------------------------
Finished Handling Custom Attributes : Time (s): cpu = 00:00:08 ; elapsed = 00:00:20 . Memory (MB): peak = 1529.211 ; gain = 653.406
---------------------------------------------------------------------------------
---------------------------------------------------------------------------------
Start Renaming Generated Nets
---------------------------------------------------------------------------------
---------------------------------------------------------------------------------
Finished Renaming Generated Nets : Time (s): cpu = 00:00:08 ; elapsed = 00:00:20 . Memory (MB): peak = 1529.211 ; gain = 653.406
---------------------------------------------------------------------------------
---------------------------------------------------------------------------------
Start Writing Synthesis Report
---------------------------------------------------------------------------------

Report BlackBoxes: 
+-+--------------+----------+
| |BlackBox name |Instances |
+-+--------------+----------+
+-+--------------+----------+

Report Cell Usage: 
+------+-------+------+
|      |Cell   |Count |
+------+-------+------+
|1     |BUFG   |     2|
|2     |CARRY4 |     7|
|3     |LUT1   |     1|
|4     |LUT2   |    17|
|5     |LUT3   |     9|
|6     |LUT4   |    16|
|7     |LUT5   |    18|
|8     |LUT6   |    22|
|9     |FDCE   |    29|
|10    |FDPE   |     1|
|11    |FDRE   |    27|
|12    |IBUF   |    14|
|13    |OBUF   |    20|
+------+-------+------+
---------------------------------------------------------------------------------
Finished Writing Synthesis Report : Time (s): cpu = 00:00:08 ; elapsed = 00:00:21 . Memory (MB): peak = 1529.211 ; gain = 653.406
---------------------------------------------------------------------------------
Synthesis finished with 0 errors, 0 critical warnings and 2 warnings.
Synthesis Optimization Runtime : Time (s): cpu = 00:00:05 ; elapsed = 00:00:19 . Memory (MB): peak = 1529.211 ; gain = 553.531
Synthesis Optimization Complete : Time (s): cpu = 00:00:08 ; elapsed = 00:00:21 . Memory (MB): peak = 1529.211 ; gain = 653.406
INFO: [Project 1-571] Translating synthesized netlist
Netlist sorting complete. Time (s): cpu = 00:00:00 ; elapsed = 00:00:00.001 . Memory (MB): peak = 1529.211 ; gain = 0.000
INFO: [Netlist 29-17] Analyzing 7 Unisim elements for replacement
INFO: [Netlist 29-28] Unisim Transformation completed in 0 CPU seconds
INFO: [Project 1-570] Preparing netlist for logic optimization
INFO: [Opt 31-138] Pushed 0 inverter(s) to 0 load pin(s).
Netlist sorting complete. Time (s): cpu = 00:00:00 ; elapsed = 00:00:00 . Memory (MB): peak = 1529.211 ; gain = 0.000
INFO: [Project 1-111] Unisim Transformation Summary:
No Unisim elements were transformed.

O sistema n∆o pode encontrar o caminho especificado.
Synth Design complete | Checksum: ccc6fc4
INFO: [Common 17-83] Releasing license: Synthesis
41 Infos, 4 Warnings, 0 Critical Warnings and 0 Errors encountered.
synth_design completed successfully
synth_design: Time (s): cpu = 00:00:09 ; elapsed = 00:00:25 . Memory (MB): peak = 1529.211 ; gain = 1043.449
Write ShapeDB Complete: Time (s): cpu = 00:00:00 ; elapsed = 00:00:00.001 . Memory (MB): peak = 1529.211 ; gain = 0.000
INFO: [Common 17-1381] The checkpoint 'D:/Projetos/Verilog/Basys3/ALU/ALU.runs/synth_1/top.dcp' has been generated.
INFO: [runtcl-4] Executing : report_utilization -file top_utilization_synth.rpt -pb top_utilization_synth.pb
INFO: [Common 17-206] Exiting Vivado at Wed Apr  3 11:19:27 2024...
